<?xml version="1.0" encoding="UTF-8"?>
<!-- Generated by org.testng.reporters.JUnitReportReporter -->
<testsuite hostname="LAPTOP-6U57ATUB" failures="0" tests="1" name="CrossbrowserExecution.ToLaunchApp_01" time="9.103" errors="0" timestamp="2024-04-16T20:13:02 BST" skipped="0">
  <testcase classname="CrossbrowserExecution.ToLaunchApp_01" name="launch_app" time="9.103"/>
</testsuite> <!-- CrossbrowserExecution.ToLaunchApp_01 -->
